Performing C SOURCE FILE Test CMAKE_HAVE_LIBC_PTHREAD failed with the following output:
Change Dir: /home/admin/SeDriCa/build/CMakeFiles/CMakeTmp

Run Build Command(s):/usr/bin/make cmTC_a252c/fast && /usr/bin/make -f CMakeFiles/cmTC_a252c.dir/build.make CMakeFiles/cmTC_a252c.dir/build
make[1]: Entering directory '/home/admin/SeDriCa/build/CMakeFiles/CMakeTmp'
Building C object CMakeFiles/cmTC_a252c.dir/src.c.o
/usr/bin/cc   -DCMAKE_HAVE_LIBC_PTHREAD   -o CMakeFiles/cmTC_a252c.dir/src.c.o   -c /home/admin/SeDriCa/build/CMakeFiles/CMakeTmp/src.c
Linking C executable cmTC_a252c
/usr/local/bin/cmake -E cmake_link_script CMakeFiles/cmTC_a252c.dir/link.txt --verbose=1
/usr/bin/cc  -DCMAKE_HAVE_LIBC_PTHREAD    -rdynamic CMakeFiles/cmTC_a252c.dir/src.c.o  -o cmTC_a252c 
CMakeFiles/cmTC_a252c.dir/src.c.o: In function `main':
src.c:(.text+0x3c): undefined reference to `pthread_create'
src.c:(.text+0x48): undefined reference to `pthread_detach'
src.c:(.text+0x59): undefined reference to `pthread_join'
src.c:(.text+0x6d): undefined reference to `pthread_atfork'
collect2: error: ld returned 1 exit status
CMakeFiles/cmTC_a252c.dir/build.make:86: recipe for target 'cmTC_a252c' failed
make[1]: *** [cmTC_a252c] Error 1
make[1]: Leaving directory '/home/admin/SeDriCa/build/CMakeFiles/CMakeTmp'
Makefile:121: recipe for target 'cmTC_a252c/fast' failed
make: *** [cmTC_a252c/fast] Error 2


Source file was:
#include <pthread.h>

void* test_func(void* data)
{
  return data;
}

int main(void)
{
  pthread_t thread;
  pthread_create(&thread, NULL, test_func, NULL);
  pthread_detach(thread);
  pthread_join(thread, NULL);
  pthread_atfork(NULL, NULL, NULL);
  pthread_exit(NULL);

  return 0;
}

Determining if the function pthread_create exists in the pthreads failed with the following output:
Change Dir: /home/admin/SeDriCa/build/CMakeFiles/CMakeTmp

Run Build Command(s):/usr/bin/make cmTC_c4447/fast && /usr/bin/make -f CMakeFiles/cmTC_c4447.dir/build.make CMakeFiles/cmTC_c4447.dir/build
make[1]: Entering directory '/home/admin/SeDriCa/build/CMakeFiles/CMakeTmp'
Building C object CMakeFiles/cmTC_c4447.dir/CheckFunctionExists.c.o
/usr/bin/cc   -DCHECK_FUNCTION_EXISTS=pthread_create   -o CMakeFiles/cmTC_c4447.dir/CheckFunctionExists.c.o   -c /usr/local/share/cmake-3.16/Modules/CheckFunctionExists.c
Linking C executable cmTC_c4447
/usr/local/bin/cmake -E cmake_link_script CMakeFiles/cmTC_c4447.dir/link.txt --verbose=1
/usr/bin/cc  -DCHECK_FUNCTION_EXISTS=pthread_create    -rdynamic CMakeFiles/cmTC_c4447.dir/CheckFunctionExists.c.o  -o cmTC_c4447  -lpthreads 
/usr/bin/ld: cannot find -lpthreads
collect2: error: ld returned 1 exit status
CMakeFiles/cmTC_c4447.dir/build.make:86: recipe for target 'cmTC_c4447' failed
make[1]: *** [cmTC_c4447] Error 1
make[1]: Leaving directory '/home/admin/SeDriCa/build/CMakeFiles/CMakeTmp'
Makefile:121: recipe for target 'cmTC_c4447/fast' failed
make: *** [cmTC_c4447/fast] Error 2



Performing C SOURCE FILE Test CMAKE_HAVE_LIBC_PTHREAD failed with the following output:
Change Dir: /home/admin/SeDriCa/build/CMakeFiles/CMakeTmp

Run Build Command(s):/usr/bin/make cmTC_4feb1/fast && /usr/bin/make -f CMakeFiles/cmTC_4feb1.dir/build.make CMakeFiles/cmTC_4feb1.dir/build
make[1]: Entering directory '/home/admin/SeDriCa/build/CMakeFiles/CMakeTmp'
Building C object CMakeFiles/cmTC_4feb1.dir/src.c.o
/usr/bin/cc   -DCMAKE_HAVE_LIBC_PTHREAD   -o CMakeFiles/cmTC_4feb1.dir/src.c.o   -c /home/admin/SeDriCa/build/CMakeFiles/CMakeTmp/src.c
Linking C executable cmTC_4feb1
/usr/local/bin/cmake -E cmake_link_script CMakeFiles/cmTC_4feb1.dir/link.txt --verbose=1
/usr/bin/cc  -DCMAKE_HAVE_LIBC_PTHREAD    -rdynamic CMakeFiles/cmTC_4feb1.dir/src.c.o  -o cmTC_4feb1 
CMakeFiles/cmTC_4feb1.dir/src.c.o: In function `main':
src.c:(.text+0x3c): undefined reference to `pthread_create'
src.c:(.text+0x48): undefined reference to `pthread_detach'
src.c:(.text+0x59): undefined reference to `pthread_join'
src.c:(.text+0x6d): undefined reference to `pthread_atfork'
collect2: error: ld returned 1 exit status
CMakeFiles/cmTC_4feb1.dir/build.make:86: recipe for target 'cmTC_4feb1' failed
make[1]: *** [cmTC_4feb1] Error 1
make[1]: Leaving directory '/home/admin/SeDriCa/build/CMakeFiles/CMakeTmp'
Makefile:121: recipe for target 'cmTC_4feb1/fast' failed
make: *** [cmTC_4feb1/fast] Error 2


Source file was:
#include <pthread.h>

void* test_func(void* data)
{
  return data;
}

int main(void)
{
  pthread_t thread;
  pthread_create(&thread, NULL, test_func, NULL);
  pthread_detach(thread);
  pthread_join(thread, NULL);
  pthread_atfork(NULL, NULL, NULL);
  pthread_exit(NULL);

  return 0;
}

Determining if the function pthread_create exists in the pthreads failed with the following output:
Change Dir: /home/admin/SeDriCa/build/CMakeFiles/CMakeTmp

Run Build Command(s):/usr/bin/make cmTC_72c95/fast && /usr/bin/make -f CMakeFiles/cmTC_72c95.dir/build.make CMakeFiles/cmTC_72c95.dir/build
make[1]: Entering directory '/home/admin/SeDriCa/build/CMakeFiles/CMakeTmp'
Building C object CMakeFiles/cmTC_72c95.dir/CheckFunctionExists.c.o
/usr/bin/cc   -DCHECK_FUNCTION_EXISTS=pthread_create   -o CMakeFiles/cmTC_72c95.dir/CheckFunctionExists.c.o   -c /usr/local/share/cmake-3.16/Modules/CheckFunctionExists.c
Linking C executable cmTC_72c95
/usr/local/bin/cmake -E cmake_link_script CMakeFiles/cmTC_72c95.dir/link.txt --verbose=1
/usr/bin/cc  -DCHECK_FUNCTION_EXISTS=pthread_create    -rdynamic CMakeFiles/cmTC_72c95.dir/CheckFunctionExists.c.o  -o cmTC_72c95  -lpthreads 
/usr/bin/ld: cannot find -lpthreads
collect2: error: ld returned 1 exit status
CMakeFiles/cmTC_72c95.dir/build.make:86: recipe for target 'cmTC_72c95' failed
make[1]: *** [cmTC_72c95] Error 1
make[1]: Leaving directory '/home/admin/SeDriCa/build/CMakeFiles/CMakeTmp'
Makefile:121: recipe for target 'cmTC_72c95/fast' failed
make: *** [cmTC_72c95/fast] Error 2



Performing C SOURCE FILE Test CMAKE_HAVE_LIBC_PTHREAD failed with the following output:
Change Dir: /home/admin/SeDriCa/build/CMakeFiles/CMakeTmp

Run Build Command(s):/usr/bin/make cmTC_c907d/fast && /usr/bin/make -f CMakeFiles/cmTC_c907d.dir/build.make CMakeFiles/cmTC_c907d.dir/build
make[1]: Entering directory '/home/admin/SeDriCa/build/CMakeFiles/CMakeTmp'
Building C object CMakeFiles/cmTC_c907d.dir/src.c.o
/usr/bin/cc   -DCMAKE_HAVE_LIBC_PTHREAD   -o CMakeFiles/cmTC_c907d.dir/src.c.o   -c /home/admin/SeDriCa/build/CMakeFiles/CMakeTmp/src.c
Linking C executable cmTC_c907d
/usr/local/bin/cmake -E cmake_link_script CMakeFiles/cmTC_c907d.dir/link.txt --verbose=1
/usr/bin/cc  -DCMAKE_HAVE_LIBC_PTHREAD    -rdynamic CMakeFiles/cmTC_c907d.dir/src.c.o  -o cmTC_c907d 
CMakeFiles/cmTC_c907d.dir/src.c.o: In function `main':
src.c:(.text+0x3c): undefined reference to `pthread_create'
src.c:(.text+0x48): undefined reference to `pthread_detach'
src.c:(.text+0x59): undefined reference to `pthread_join'
src.c:(.text+0x6d): undefined reference to `pthread_atfork'
collect2: error: ld returned 1 exit status
CMakeFiles/cmTC_c907d.dir/build.make:86: recipe for target 'cmTC_c907d' failed
make[1]: *** [cmTC_c907d] Error 1
make[1]: Leaving directory '/home/admin/SeDriCa/build/CMakeFiles/CMakeTmp'
Makefile:121: recipe for target 'cmTC_c907d/fast' failed
make: *** [cmTC_c907d/fast] Error 2


Source file was:
#include <pthread.h>

void* test_func(void* data)
{
  return data;
}

int main(void)
{
  pthread_t thread;
  pthread_create(&thread, NULL, test_func, NULL);
  pthread_detach(thread);
  pthread_join(thread, NULL);
  pthread_atfork(NULL, NULL, NULL);
  pthread_exit(NULL);

  return 0;
}

Determining if the function pthread_create exists in the pthreads failed with the following output:
Change Dir: /home/admin/SeDriCa/build/CMakeFiles/CMakeTmp

Run Build Command(s):/usr/bin/make cmTC_642a2/fast && /usr/bin/make -f CMakeFiles/cmTC_642a2.dir/build.make CMakeFiles/cmTC_642a2.dir/build
make[1]: Entering directory '/home/admin/SeDriCa/build/CMakeFiles/CMakeTmp'
Building C object CMakeFiles/cmTC_642a2.dir/CheckFunctionExists.c.o
/usr/bin/cc   -DCHECK_FUNCTION_EXISTS=pthread_create   -o CMakeFiles/cmTC_642a2.dir/CheckFunctionExists.c.o   -c /usr/local/share/cmake-3.16/Modules/CheckFunctionExists.c
Linking C executable cmTC_642a2
/usr/local/bin/cmake -E cmake_link_script CMakeFiles/cmTC_642a2.dir/link.txt --verbose=1
/usr/bin/cc  -DCHECK_FUNCTION_EXISTS=pthread_create    -rdynamic CMakeFiles/cmTC_642a2.dir/CheckFunctionExists.c.o  -o cmTC_642a2  -lpthreads 
/usr/bin/ld: cannot find -lpthreads
collect2: error: ld returned 1 exit status
CMakeFiles/cmTC_642a2.dir/build.make:86: recipe for target 'cmTC_642a2' failed
make[1]: *** [cmTC_642a2] Error 1
make[1]: Leaving directory '/home/admin/SeDriCa/build/CMakeFiles/CMakeTmp'
Makefile:121: recipe for target 'cmTC_642a2/fast' failed
make: *** [cmTC_642a2/fast] Error 2



